# JRE version: OpenJDK Runtime Environment Temurin-21.0.11+10 (21.0.11+10) (build 21.0.11+10-LTS)
# Java VM: OpenJDK 64-Bit Server VM Temurin-21.0.11+10 (21.0.11+10-LTS, mixed mode, sharing, tiered, compressed oops, compressed class ptrs, parallel gc, windows-amd64)
GC Precious Log:
 CardTable entry size: 512
 CPUs: 14 total, 14 available
 Memory: 15828M
 Large Page Support: Disabled
 NUMA Support: Disabled
 Compressed Oops: Enabled (32-bit)
 Alignments: Space 512K, Generation 512K, Heap 2M
 Heap Min Capacity: 100M
 Heap Initial Capacity: 100M
 Heap Max Capacity: 2G
 Pre-touch: Disabled
 Parallel Workers: 11
Heap:
 PSYoungGen      total 4096K, used 3744K [0x00000000d5580000, 0x00000000d5a80000, 0x0000000100000000)
  eden space 3072K, 100% used [0x00000000d5580000,0x00000000d5880000,0x00000000d5880000)
  from space 1024K, 65% used [0x00000000d5880000,0x00000000d59283f8,0x00000000d5980000)
  to   space 1024K, 0% used [0x00000000d5980000,0x00000000d5980000,0x00000000d5a80000)
 ParOldGen       total 557568K, used 557242K [0x0000000080000000, 0x00000000a2080000, 0x00000000d5580000)
  object space 557568K, 99% used [0x0000000080000000,0x00000000a202e980,0x00000000a2080000)
 Metaspace       used 71330K, committed 72896K, reserved 1179648K
  class space    used 7272K, committed 7936K, reserved 1048576K
GC Heap History (20 events):
Event: 41.579 GC heap before
{Heap before GC invocations=1276 (full 3):
 PSYoungGen      total 4096K, used 3709K [0x00000000d5580000, 0x00000000d5a80000, 0x0000000100000000)
  eden space 3072K, 99% used [0x00000000d5580000,0x00000000d587e078,0x00000000d5880000)
  from space 1024K, 62% used [0x00000000d5980000,0x00000000d5a213f8,0x00000000d5a80000)
  to   space 1024K, 0% used [0x00000000d5880000,0x00000000d5880000,0x00000000d5980000)
 ParOldGen       total 549888K, used 549511K [0x0000000080000000, 0x00000000a1900000, 0x00000000d5580000)
  object space 549888K, 99% used [0x0000000080000000,0x00000000a18a1dc0,0x00000000a1900000)
 Metaspace       used 71330K, committed 72896K, reserved 1179648K
  class space    used 7272K, committed 7936K, reserved 1048576K
}
Event: 41.580 GC heap after
{Heap after GC invocations=1276 (full 3):
 PSYoungGen      total 4096K, used 677K [0x00000000d5580000, 0x00000000d5a80000, 0x0000000100000000)
  eden space 3072K, 0% used [0x00000000d5580000,0x00000000d5580000,0x00000000d5880000)
  from space 1024K, 66% used [0x00000000d5880000,0x00000000d5929750,0x00000000d5980000)
  to   space 1024K, 0% used [0x00000000d5980000,0x00000000d5980000,0x00000000d5a80000)
 ParOldGen       total 550400K, used 550012K [0x0000000080000000, 0x00000000a1980000, 0x00000000d5580000)
  object space 550400K, 99% used [0x0000000080000000,0x00000000a191f380,0x00000000a1980000)
 Metaspace       used 71330K, committed 72896K, reserved 1179648K
  class space    used 7272K, committed 7936K, reserved 1048576K
}
Event: 41.589 GC heap before
{Heap before GC invocations=1277 (full 3):
 PSYoungGen      total 4096K, used 3749K [0x00000000d5580000, 0x00000000d5a80000, 0x0000000100000000)
  eden space 3072K, 100% used [0x00000000d5580000,0x00000000d5880000,0x00000000d5880000)
  from space 1024K, 66% used [0x00000000d5880000,0x00000000d5929750,0x00000000d5980000)
  to   space 1024K, 0% used [0x00000000d5980000,0x00000000d5980000,0x00000000d5a80000)
 ParOldGen       total 550400K, used 550012K [0x0000000080000000, 0x00000000a1980000, 0x00000000d5580000)
  object space 550400K, 99% used [0x0000000080000000,0x00000000a191f380,0x00000000a1980000)
 Metaspace       used 71330K, committed 72896K, reserved 1179648K
  class space    used 7272K, committed 7936K, reserved 1048576K
}
Event: 41.590 GC heap after
{Heap after GC invocations=1277 (full 3):
 PSYoungGen      total 4096K, used 622K [0x00000000d5580000, 0x00000000d5a80000, 0x0000000100000000)
  eden space 3072K, 0% used [0x00000000d5580000,0x00000000d5580000,0x00000000d5880000)
  from space 1024K, 60% used [0x00000000d5980000,0x00000000d5a1b960,0x00000000d5a80000)
  to   space 1024K, 0% used [0x00000000d5880000,0x00000000d5880000,0x00000000d5980000)
 ParOldGen       total 550912K, used 550496K [0x0000000080000000, 0x00000000a1a00000, 0x00000000d5580000)
  object space 550912K, 99% used [0x0000000080000000,0x00000000a19982e8,0x00000000a1a00000)
 Metaspace       used 71330K, committed 72896K, reserved 1179648K
  class space    used 7272K, committed 7936K, reserved 1048576K
}
Event: 41.600 GC heap before
{Heap before GC invocations=1278 (full 3):
 PSYoungGen      total 4096K, used 3686K [0x00000000d5580000, 0x00000000d5a80000, 0x0000000100000000)
  eden space 3072K, 99% used [0x00000000d5580000,0x00000000d587e088,0x00000000d5880000)
  from space 1024K, 60% used [0x00000000d5980000,0x00000000d5a1b960,0x00000000d5a80000)
  to   space 1024K, 0% used [0x00000000d5880000,0x00000000d5880000,0x00000000d5980000)
 ParOldGen       total 550912K, used 550496K [0x0000000080000000, 0x00000000a1a00000, 0x00000000d5580000)
  object space 550912K, 99% used [0x0000000080000000,0x00000000a19982e8,0x00000000a1a00000)
 Metaspace       used 71330K, committed 72896K, reserved 1179648K
  class space    used 7272K, committed 7936K, reserved 1048576K
}
Event: 41.602 GC heap after
{Heap after GC invocations=1278 (full 3):
 PSYoungGen      total 4096K, used 585K [0x00000000d5580000, 0x00000000d5a80000, 0x0000000100000000)
  eden space 3072K, 0% used [0x00000000d5580000,0x00000000d5580000,0x00000000d5880000)
  from space 1024K, 57% used [0x00000000d5880000,0x00000000d5912660,0x00000000d5980000)
  to   space 1024K, 0% used [0x00000000d5980000,0x00000000d5980000,0x00000000d5a80000)
 ParOldGen       total 551424K, used 551012K [0x0000000080000000, 0x00000000a1a80000, 0x00000000d5580000)
  object space 551424K, 99% used [0x0000000080000000,0x00000000a1a19230,0x00000000a1a80000)
 Metaspace       used 71330K, committed 72896K, reserved 1179648K
  class space    used 7272K, committed 7936K, reserved 1048576K
}
Event: 41.609 GC heap before
{Heap before GC invocations=1279 (full 3):
 PSYoungGen      total 4096K, used 3657K [0x00000000d5580000, 0x00000000d5a80000, 0x0000000100000000)
  eden space 3072K, 100% used [0x00000000d5580000,0x00000000d5880000,0x00000000d5880000)
  from space 1024K, 57% used [0x00000000d5880000,0x00000000d5912660,0x00000000d5980000)
  to   space 1024K, 0% used [0x00000000d5980000,0x00000000d5980000,0x00000000d5a80000)
 ParOldGen       total 551424K, used 551012K [0x0000000080000000, 0x00000000a1a80000, 0x00000000d5580000)
  object space 551424K, 99% used [0x0000000080000000,0x00000000a1a19230,0x00000000a1a80000)
 Metaspace       used 71330K, committed 72896K, reserved 1179648K
  class space    used 7272K, committed 7936K, reserved 1048576K
}
Event: 41.611 GC heap after
{Heap after GC invocations=1279 (full 3):
 PSYoungGen      total 4096K, used 596K [0x00000000d5580000, 0x00000000d5a80000, 0x0000000100000000)
  eden space 3072K, 0% used [0x00000000d5580000,0x00000000d5580000,0x00000000d5880000)
  from space 1024K, 58% used [0x00000000d5980000,0x00000000d5a15090,0x00000000d5a80000)
  to   space 1024K, 0% used [0x00000000d5880000,0x00000000d5880000,0x00000000d5980000)
 ParOldGen       total 551936K, used 551491K [0x0000000080000000, 0x00000000a1b00000, 0x00000000d5580000)
  object space 551936K, 99% used [0x0000000080000000,0x00000000a1a90eb0,0x00000000a1b00000)
 Metaspace       used 71330K, committed 72896K, reserved 1179648K
  class space    used 7272K, committed 7936K, reserved 1048576K
}
Event: 41.620 GC heap before
{Heap before GC invocations=1280 (full 3):
 PSYoungGen      total 4096K, used 3668K [0x00000000d5580000, 0x00000000d5a80000, 0x0000000100000000)
  eden space 3072K, 100% used [0x00000000d5580000,0x00000000d5880000,0x00000000d5880000)
  from space 1024K, 58% used [0x00000000d5980000,0x00000000d5a15090,0x00000000d5a80000)
  to   space 1024K, 0% used [0x00000000d5880000,0x00000000d5880000,0x00000000d5980000)
 ParOldGen       total 551936K, used 551491K [0x0000000080000000, 0x00000000a1b00000, 0x00000000d5580000)
  object space 551936K, 99% used [0x0000000080000000,0x00000000a1a90eb0,0x00000000a1b00000)
 Metaspace       used 71330K, committed 72896K, reserved 1179648K
  class space    used 7272K, committed 7936K, reserved 1048576K
}
Event: 41.621 GC heap after
{Heap after GC invocations=1280 (full 3):
 PSYoungGen      total 4096K, used 633K [0x00000000d5580000, 0x00000000d5a80000, 0x0000000100000000)
  eden space 3072K, 0% used [0x00000000d5580000,0x00000000d5580000,0x00000000d5880000)
  from space 1024K, 61% used [0x00000000d5880000,0x00000000d591e630,0x00000000d5980000)
  to   space 1024K, 0% used [0x00000000d5980000,0x00000000d5980000,0x00000000d5a80000)
 ParOldGen       total 552448K, used 552005K [0x0000000080000000, 0x00000000a1b80000, 0x00000000d5580000)
  object space 552448K, 99% used [0x0000000080000000,0x00000000a1b11518,0x00000000a1b80000)
 Metaspace       used 71330K, committed 72896K, reserved 1179648K
  class space    used 7272K, committed 7936K, reserved 1048576K
}
Event: 41.631 GC heap before
{Heap before GC invocations=1281 (full 3):
 PSYoungGen      total 4096K, used 3705K [0x00000000d5580000, 0x00000000d5a80000, 0x0000000100000000)
  eden space 3072K, 100% used [0x00000000d5580000,0x00000000d5880000,0x00000000d5880000)
  from space 1024K, 61% used [0x00000000d5880000,0x00000000d591e630,0x00000000d5980000)
  to   space 1024K, 0% used [0x00000000d5980000,0x00000000d5980000,0x00000000d5a80000)
 ParOldGen       total 552448K, used 552005K [0x0000000080000000, 0x00000000a1b80000, 0x00000000d5580000)
  object space 552448K, 99% used [0x0000000080000000,0x00000000a1b11518,0x00000000a1b80000)
 Metaspace       used 71330K, committed 72896K, reserved 1179648K
  class space    used 7272K, committed 7936K, reserved 1048576K
}
Event: 41.633 GC heap after
{Heap after GC invocations=1281 (full 3):
 PSYoungGen      total 4096K, used 704K [0x00000000d5580000, 0x00000000d5a80000, 0x0000000100000000)
  eden space 3072K, 0% used [0x00000000d5580000,0x00000000d5580000,0x00000000d5880000)
  from space 1024K, 68% used [0x00000000d5980000,0x00000000d5a30000,0x00000000d5a80000)
  to   space 1024K, 0% used [0x00000000d5880000,0x00000000d5880000,0x00000000d5980000)
 ParOldGen       total 552960K, used 552497K [0x0000000080000000, 0x00000000a1c00000, 0x00000000d5580000)
  object space 552960K, 99% used [0x0000000080000000,0x00000000a1b8c658,0x00000000a1c00000)
 Metaspace       used 71330K, committed 72896K, reserved 1179648K
  class space    used 7272K, committed 7936K, reserved 1048576K
}
Event: 41.642 GC heap before
{Heap before GC invocations=1282 (full 3):
 PSYoungGen      total 4096K, used 3776K [0x00000000d5580000, 0x00000000d5a80000, 0x0000000100000000)
  eden space 3072K, 100% used [0x00000000d5580000,0x00000000d5880000,0x00000000d5880000)
  from space 1024K, 68% used [0x00000000d5980000,0x00000000d5a30000,0x00000000d5a80000)
  to   space 1024K, 0% used [0x00000000d5880000,0x00000000d5880000,0x00000000d5980000)
 ParOldGen       total 552960K, used 552497K [0x0000000080000000, 0x00000000a1c00000, 0x00000000d5580000)
  object space 552960K, 99% used [0x0000000080000000,0x00000000a1b8c658,0x00000000a1c00000)
 Metaspace       used 71330K, committed 72896K, reserved 1179648K
  class space    used 7272K, committed 7936K, reserved 1048576K
}
Event: 41.644 GC heap after
{Heap after GC invocations=1282 (full 3):
 PSYoungGen      total 4096K, used 623K [0x00000000d5580000, 0x00000000d5a80000, 0x0000000100000000)
  eden space 3072K, 0% used [0x00000000d5580000,0x00000000d5580000,0x00000000d5880000)
  from space 1024K, 60% used [0x00000000d5880000,0x00000000d591be60,0x00000000d5980000)
  to   space 1024K, 0% used [0x00000000d5980000,0x00000000d5980000,0x00000000d5a80000)
 ParOldGen       total 553472K, used 553039K [0x0000000080000000, 0x00000000a1c80000, 0x00000000d5580000)
  object space 553472K, 99% used [0x0000000080000000,0x00000000a1c13e08,0x00000000a1c80000)
 Metaspace       used 71330K, committed 72896K, reserved 1179648K
  class space    used 7272K, committed 7936K, reserved 1048576K
}
Event: 41.652 GC heap before
{Heap before GC invocations=1283 (full 3):
 PSYoungGen      total 4096K, used 3695K [0x00000000d5580000, 0x00000000d5a80000, 0x0000000100000000)
  eden space 3072K, 100% used [0x00000000d5580000,0x00000000d5880000,0x00000000d5880000)
  from space 1024K, 60% used [0x00000000d5880000,0x00000000d591be60,0x00000000d5980000)
  to   space 1024K, 0% used [0x00000000d5980000,0x00000000d5980000,0x00000000d5a80000)
 ParOldGen       total 553472K, used 553039K [0x0000000080000000, 0x00000000a1c80000, 0x00000000d5580000)
  object space 553472K, 99% used [0x0000000080000000,0x00000000a1c13e08,0x00000000a1c80000)
 Metaspace       used 71330K, committed 72896K, reserved 1179648K
  class space    used 7272K, committed 7936K, reserved 1048576K
}
Event: 41.653 GC heap after
{Heap after GC invocations=1283 (full 3):
 PSYoungGen      total 4096K, used 672K [0x00000000d5580000, 0x00000000d5a80000, 0x0000000100000000)
  eden space 3072K, 0% used [0x00000000d5580000,0x00000000d5580000,0x00000000d5880000)
  from space 1024K, 65% used [0x00000000d5980000,0x00000000d5a28000,0x00000000d5a80000)
  to   space 1024K, 0% used [0x00000000d5880000,0x00000000d5880000,0x00000000d5980000)
 ParOldGen       total 553984K, used 553586K [0x0000000080000000, 0x00000000a1d00000, 0x00000000d5580000)
  object space 553984K, 99% used [0x0000000080000000,0x00000000a1c9ca88,0x00000000a1d00000)
 Metaspace       used 71330K, committed 72896K, reserved 1179648K
  class space    used 7272K, committed 7936K, reserved 1048576K
}
Event: 41.662 GC heap before
{Heap before GC invocations=1284 (full 3):
 PSYoungGen      total 4096K, used 3744K [0x00000000d5580000, 0x00000000d5a80000, 0x0000000100000000)
  eden space 3072K, 100% used [0x00000000d5580000,0x00000000d5880000,0x00000000d5880000)
  from space 1024K, 65% used [0x00000000d5980000,0x00000000d5a28000,0x00000000d5a80000)
  to   space 1024K, 0% used [0x00000000d5880000,0x00000000d5880000,0x00000000d5980000)
 ParOldGen       total 553984K, used 553586K [0x0000000080000000, 0x00000000a1d00000, 0x00000000d5580000)
  object space 553984K, 99% used [0x0000000080000000,0x00000000a1c9ca88,0x00000000a1d00000)
 Metaspace       used 71330K, committed 72896K, reserved 1179648K
  class space    used 7272K, committed 7936K, reserved 1048576K
}
Event: 41.663 GC heap after
{Heap after GC invocations=1284 (full 3):
 PSYoungGen      total 4096K, used 648K [0x00000000d5580000, 0x00000000d5a80000, 0x0000000100000000)
  eden space 3072K, 0% used [0x00000000d5580000,0x00000000d5580000,0x00000000d5880000)
  from space 1024K, 63% used [0x00000000d5880000,0x00000000d5922148,0x00000000d5980000)
  to   space 1024K, 0% used [0x00000000d5980000,0x00000000d5980000,0x00000000d5a80000)
 ParOldGen       total 554496K, used 554096K [0x0000000080000000, 0x00000000a1d80000, 0x00000000d5580000)
  object space 554496K, 99% used [0x0000000080000000,0x00000000a1d1c118,0x00000000a1d80000)
 Metaspace       used 71330K, committed 72896K, reserved 1179648K
  class space    used 7272K, committed 7936K, reserved 1048576K
}
Event: 41.669 GC heap before
{Heap before GC invocations=1285 (full 3):
 PSYoungGen      total 4096K, used 3720K [0x00000000d5580000, 0x00000000d5a80000, 0x0000000100000000)
  eden space 3072K, 100% used [0x00000000d5580000,0x00000000d5880000,0x00000000d5880000)
  from space 1024K, 63% used [0x00000000d5880000,0x00000000d5922148,0x00000000d5980000)
  to   space 1024K, 0% used [0x00000000d5980000,0x00000000d5980000,0x00000000d5a80000)
 ParOldGen       total 554496K, used 554096K [0x0000000080000000, 0x00000000a1d80000, 0x00000000d5580000)
  object space 554496K, 99% used [0x0000000080000000,0x00000000a1d1c118,0x00000000a1d80000)
 Metaspace       used 71330K, committed 72896K, reserved 1179648K
  class space    used 7272K, committed 7936K, reserved 1048576K
}
Event: 41.670 GC heap after
{Heap after GC invocations=1285 (full 3):
 PSYoungGen      total 4096K, used 639K [0x00000000d5580000, 0x00000000d5a80000, 0x0000000100000000)
  eden space 3072K, 0% used [0x00000000d5580000,0x00000000d5580000,0x00000000d5880000)
  from space 1024K, 62% used [0x00000000d5980000,0x00000000d5a1fc38,0x00000000d5a80000)
  to   space 1024K, 0% used [0x00000000d5880000,0x00000000d5880000,0x00000000d5980000)
 ParOldGen       total 555008K, used 554631K [0x0000000080000000, 0x00000000a1e00000, 0x00000000d5580000)
  object space 555008K, 99% used [0x0000000080000000,0x00000000a1da1ce0,0x00000000a1e00000)
 Metaspace       used 71330K, committed 72896K, reserved 1179648K
  class space    used 7272K, committed 7936K, reserved 1048576K
}

