# JRE version: OpenJDK Runtime Environment Temurin-21.0.11+10 (21.0.11+10) (build 21.0.11+10-LTS)
# Java VM: OpenJDK 64-Bit Server VM Temurin-21.0.11+10 (21.0.11+10-LTS, mixed mode, sharing, tiered, compressed oops, compressed class ptrs, parallel gc, windows-amd64)
GC Precious Log:
 CardTable entry size: 512
 CPUs: 14 total, 14 available
 Memory: 15828M
 Large Page Support: Disabled
 NUMA Support: Disabled
 Compressed Oops: Enabled (32-bit)
 Alignments: Space 512K, Generation 512K, Heap 2M
 Heap Min Capacity: 100M
 Heap Initial Capacity: 100M
 Heap Max Capacity: 2G
 Pre-touch: Disabled
 Parallel Workers: 11
Heap:
 PSYoungGen      total 6144K, used 5845K [0x00000000d5580000, 0x00000000d5e80000, 0x0000000100000000)
  eden space 3072K, 100% used [0x00000000d5580000,0x00000000d5880000,0x00000000d5880000)
  from space 3072K, 90% used [0x00000000d5b80000,0x00000000d5e35620,0x00000000d5e80000)
  to   space 3072K, 36% used [0x00000000d5880000,0x00000000d599a000,0x00000000d5b80000)
 ParOldGen       total 460800K, used 460799K [0x0000000080000000, 0x000000009c280000, 0x00000000d5580000)
  object space 460800K, 99% used [0x0000000080000000,0x000000009c1ffe70,0x000000009c200000)
 Metaspace       used 70006K, committed 71488K, reserved 1114112K
  class space    used 7454K, committed 8128K, reserved 1048576K
GC Heap History (20 events):
Event: 70.678 GC heap after
{Heap after GC invocations=570 (full 3):
 PSYoungGen      total 3584K, used 320K [0x00000000d5580000, 0x00000000d5d00000, 0x0000000100000000)
  eden space 3072K, 0% used [0x00000000d5580000,0x00000000d5580000,0x00000000d5880000)
  from space 512K, 62% used [0x00000000d5c00000,0x00000000d5c50000,0x00000000d5c80000)
  to   space 512K, 0% used [0x00000000d5c80000,0x00000000d5c80000,0x00000000d5d00000)
 ParOldGen       total 453120K, used 452713K [0x0000000080000000, 0x000000009ba80000, 0x00000000d5580000)
  object space 453120K, 99% used [0x0000000080000000,0x000000009ba1a778,0x000000009ba80000)
 Metaspace       used 69866K, committed 71296K, reserved 1114112K
  class space    used 7454K, committed 8128K, reserved 1048576K
}
Event: 70.693 GC heap before
{Heap before GC invocations=571 (full 3):
 PSYoungGen      total 3584K, used 3377K [0x00000000d5580000, 0x00000000d5d00000, 0x0000000100000000)
  eden space 3072K, 99% used [0x00000000d5580000,0x00000000d587c608,0x00000000d5880000)
  from space 512K, 62% used [0x00000000d5c00000,0x00000000d5c50000,0x00000000d5c80000)
  to   space 512K, 0% used [0x00000000d5c80000,0x00000000d5c80000,0x00000000d5d00000)
 ParOldGen       total 453120K, used 452713K [0x0000000080000000, 0x000000009ba80000, 0x00000000d5580000)
  object space 453120K, 99% used [0x0000000080000000,0x000000009ba1a778,0x000000009ba80000)
 Metaspace       used 69866K, committed 71296K, reserved 1114112K
  class space    used 7454K, committed 8128K, reserved 1048576K
}
Event: 70.694 GC heap after
{Heap after GC invocations=571 (full 3):
 PSYoungGen      total 3584K, used 160K [0x00000000d5580000, 0x00000000d5d00000, 0x0000000100000000)
  eden space 3072K, 0% used [0x00000000d5580000,0x00000000d5580000,0x00000000d5880000)
  from space 512K, 31% used [0x00000000d5c80000,0x00000000d5ca8000,0x00000000d5d00000)
  to   space 512K, 0% used [0x00000000d5c00000,0x00000000d5c00000,0x00000000d5c80000)
 ParOldGen       total 453120K, used 452809K [0x0000000080000000, 0x000000009ba80000, 0x00000000d5580000)
  object space 453120K, 99% used [0x0000000080000000,0x000000009ba32778,0x000000009ba80000)
 Metaspace       used 69866K, committed 71296K, reserved 1114112K
  class space    used 7454K, committed 8128K, reserved 1048576K
}
Event: 71.168 GC heap before
{Heap before GC invocations=572 (full 3):
 PSYoungGen      total 3584K, used 3232K [0x00000000d5580000, 0x00000000d5d00000, 0x0000000100000000)
  eden space 3072K, 100% used [0x00000000d5580000,0x00000000d5880000,0x00000000d5880000)
  from space 512K, 31% used [0x00000000d5c80000,0x00000000d5ca8000,0x00000000d5d00000)
  to   space 512K, 0% used [0x00000000d5c00000,0x00000000d5c00000,0x00000000d5c80000)
 ParOldGen       total 453120K, used 452809K [0x0000000080000000, 0x000000009ba80000, 0x00000000d5580000)
  object space 453120K, 99% used [0x0000000080000000,0x000000009ba32778,0x000000009ba80000)
 Metaspace       used 69882K, committed 71360K, reserved 1114112K
  class space    used 7454K, committed 8128K, reserved 1048576K
}
Event: 71.169 GC heap after
{Heap after GC invocations=572 (full 3):
 PSYoungGen      total 3584K, used 352K [0x00000000d5580000, 0x00000000d5d00000, 0x0000000100000000)
  eden space 3072K, 0% used [0x00000000d5580000,0x00000000d5580000,0x00000000d5880000)
  from space 512K, 68% used [0x00000000d5c00000,0x00000000d5c58000,0x00000000d5c80000)
  to   space 512K, 0% used [0x00000000d5c80000,0x00000000d5c80000,0x00000000d5d00000)
 ParOldGen       total 453120K, used 452817K [0x0000000080000000, 0x000000009ba80000, 0x00000000d5580000)
  object space 453120K, 99% used [0x0000000080000000,0x000000009ba34778,0x000000009ba80000)
 Metaspace       used 69882K, committed 71360K, reserved 1114112K
  class space    used 7454K, committed 8128K, reserved 1048576K
}
Event: 71.251 GC heap before
{Heap before GC invocations=573 (full 3):
 PSYoungGen      total 3584K, used 3424K [0x00000000d5580000, 0x00000000d5d00000, 0x0000000100000000)
  eden space 3072K, 100% used [0x00000000d5580000,0x00000000d5880000,0x00000000d5880000)
  from space 512K, 68% used [0x00000000d5c00000,0x00000000d5c58000,0x00000000d5c80000)
  to   space 512K, 0% used [0x00000000d5c80000,0x00000000d5c80000,0x00000000d5d00000)
 ParOldGen       total 453120K, used 452817K [0x0000000080000000, 0x000000009ba80000, 0x00000000d5580000)
  object space 453120K, 99% used [0x0000000080000000,0x000000009ba34778,0x000000009ba80000)
 Metaspace       used 69938K, committed 71424K, reserved 1114112K
  class space    used 7454K, committed 8128K, reserved 1048576K
}
Event: 71.253 GC heap after
{Heap after GC invocations=573 (full 3):
 PSYoungGen      total 3584K, used 462K [0x00000000d5580000, 0x00000000d5d00000, 0x0000000100000000)
  eden space 3072K, 0% used [0x00000000d5580000,0x00000000d5580000,0x00000000d5880000)
  from space 512K, 90% used [0x00000000d5c80000,0x00000000d5cf3b70,0x00000000d5d00000)
  to   space 512K, 0% used [0x00000000d5c00000,0x00000000d5c00000,0x00000000d5c80000)
 ParOldGen       total 453120K, used 452953K [0x0000000080000000, 0x000000009ba80000, 0x00000000d5580000)
  object space 453120K, 99% used [0x0000000080000000,0x000000009ba56778,0x000000009ba80000)
 Metaspace       used 69938K, committed 71424K, reserved 1114112K
  class space    used 7454K, committed 8128K, reserved 1048576K
}
Event: 71.275 GC heap before
{Heap before GC invocations=574 (full 3):
 PSYoungGen      total 3584K, used 3534K [0x00000000d5580000, 0x00000000d5d00000, 0x0000000100000000)
  eden space 3072K, 100% used [0x00000000d5580000,0x00000000d5880000,0x00000000d5880000)
  from space 512K, 90% used [0x00000000d5c80000,0x00000000d5cf3b70,0x00000000d5d00000)
  to   space 512K, 0% used [0x00000000d5c00000,0x00000000d5c00000,0x00000000d5c80000)
 ParOldGen       total 453120K, used 452953K [0x0000000080000000, 0x000000009ba80000, 0x00000000d5580000)
  object space 453120K, 99% used [0x0000000080000000,0x000000009ba56778,0x000000009ba80000)
 Metaspace       used 69938K, committed 71424K, reserved 1114112K
  class space    used 7454K, committed 8128K, reserved 1048576K
}
Event: 71.276 GC heap after
{Heap after GC invocations=574 (full 3):
 PSYoungGen      total 3584K, used 96K [0x00000000d5580000, 0x00000000d5d00000, 0x0000000100000000)
  eden space 3072K, 0% used [0x00000000d5580000,0x00000000d5580000,0x00000000d5880000)
  from space 512K, 18% used [0x00000000d5c00000,0x00000000d5c18000,0x00000000d5c80000)
  to   space 512K, 0% used [0x00000000d5c80000,0x00000000d5c80000,0x00000000d5d00000)
 ParOldGen       total 453120K, used 453065K [0x0000000080000000, 0x000000009ba80000, 0x00000000d5580000)
  object space 453120K, 99% used [0x0000000080000000,0x000000009ba72778,0x000000009ba80000)
 Metaspace       used 69938K, committed 71424K, reserved 1114112K
  class space    used 7454K, committed 8128K, reserved 1048576K
}
Event: 71.427 GC heap before
{Heap before GC invocations=575 (full 3):
 PSYoungGen      total 3584K, used 3140K [0x00000000d5580000, 0x00000000d5d00000, 0x0000000100000000)
  eden space 3072K, 99% used [0x00000000d5580000,0x00000000d58792a0,0x00000000d5880000)
  from space 512K, 18% used [0x00000000d5c00000,0x00000000d5c18000,0x00000000d5c80000)
  to   space 512K, 0% used [0x00000000d5c80000,0x00000000d5c80000,0x00000000d5d00000)
 ParOldGen       total 453120K, used 453065K [0x0000000080000000, 0x000000009ba80000, 0x00000000d5580000)
  object space 453120K, 99% used [0x0000000080000000,0x000000009ba72778,0x000000009ba80000)
 Metaspace       used 69942K, committed 71424K, reserved 1114112K
  class space    used 7454K, committed 8128K, reserved 1048576K
}
Event: 71.428 GC heap after
{Heap after GC invocations=575 (full 3):
 PSYoungGen      total 3584K, used 288K [0x00000000d5580000, 0x00000000d5d00000, 0x0000000100000000)
  eden space 3072K, 0% used [0x00000000d5580000,0x00000000d5580000,0x00000000d5880000)
  from space 512K, 56% used [0x00000000d5c80000,0x00000000d5cc8000,0x00000000d5d00000)
  to   space 512K, 0% used [0x00000000d5c00000,0x00000000d5c00000,0x00000000d5c80000)
 ParOldGen       total 453120K, used 453065K [0x0000000080000000, 0x000000009ba80000, 0x00000000d5580000)
  object space 453120K, 99% used [0x0000000080000000,0x000000009ba72778,0x000000009ba80000)
 Metaspace       used 69942K, committed 71424K, reserved 1114112K
  class space    used 7454K, committed 8128K, reserved 1048576K
}
Event: 71.523 GC heap before
{Heap before GC invocations=576 (full 3):
 PSYoungGen      total 3584K, used 3360K [0x00000000d5580000, 0x00000000d5d00000, 0x0000000100000000)
  eden space 3072K, 100% used [0x00000000d5580000,0x00000000d5880000,0x00000000d5880000)
  from space 512K, 56% used [0x00000000d5c80000,0x00000000d5cc8000,0x00000000d5d00000)
  to   space 512K, 0% used [0x00000000d5c00000,0x00000000d5c00000,0x00000000d5c80000)
 ParOldGen       total 453120K, used 453065K [0x0000000080000000, 0x000000009ba80000, 0x00000000d5580000)
  object space 453120K, 99% used [0x0000000080000000,0x000000009ba72778,0x000000009ba80000)
 Metaspace       used 69950K, committed 71488K, reserved 1114112K
  class space    used 7454K, committed 8128K, reserved 1048576K
}
Event: 71.524 GC heap after
{Heap after GC invocations=576 (full 3):
 PSYoungGen      total 3584K, used 352K [0x00000000d5580000, 0x00000000d5d00000, 0x0000000100000000)
  eden space 3072K, 0% used [0x00000000d5580000,0x00000000d5580000,0x00000000d5880000)
  from space 512K, 68% used [0x00000000d5c00000,0x00000000d5c58000,0x00000000d5c80000)
  to   space 512K, 0% used [0x00000000d5c80000,0x00000000d5c80000,0x00000000d5d00000)
 ParOldGen       total 453632K, used 453153K [0x0000000080000000, 0x000000009bb00000, 0x00000000d5580000)
  object space 453632K, 99% used [0x0000000080000000,0x000000009ba88778,0x000000009bb00000)
 Metaspace       used 69950K, committed 71488K, reserved 1114112K
  class space    used 7454K, committed 8128K, reserved 1048576K
}
Event: 72.717 GC heap before
{Heap before GC invocations=577 (full 3):
 PSYoungGen      total 3584K, used 3423K [0x00000000d5580000, 0x00000000d5d00000, 0x0000000100000000)
  eden space 3072K, 99% used [0x00000000d5580000,0x00000000d587fff0,0x00000000d5880000)
  from space 512K, 68% used [0x00000000d5c00000,0x00000000d5c58000,0x00000000d5c80000)
  to   space 512K, 0% used [0x00000000d5c80000,0x00000000d5c80000,0x00000000d5d00000)
 ParOldGen       total 453632K, used 453153K [0x0000000080000000, 0x000000009bb00000, 0x00000000d5580000)
  object space 453632K, 99% used [0x0000000080000000,0x000000009ba88778,0x000000009bb00000)
 Metaspace       used 69983K, committed 71488K, reserved 1114112K
  class space    used 7454K, committed 8128K, reserved 1048576K
}
Event: 72.719 GC heap after
{Heap after GC invocations=577 (full 3):
 PSYoungGen      total 3584K, used 480K [0x00000000d5580000, 0x00000000d5d00000, 0x0000000100000000)
  eden space 3072K, 0% used [0x00000000d5580000,0x00000000d5580000,0x00000000d5880000)
  from space 512K, 93% used [0x00000000d5c80000,0x00000000d5cf8020,0x00000000d5d00000)
  to   space 512K, 0% used [0x00000000d5c00000,0x00000000d5c00000,0x00000000d5c80000)
 ParOldGen       total 453632K, used 453265K [0x0000000080000000, 0x000000009bb00000, 0x00000000d5580000)
  object space 453632K, 99% used [0x0000000080000000,0x000000009baa4778,0x000000009bb00000)
 Metaspace       used 69983K, committed 71488K, reserved 1114112K
  class space    used 7454K, committed 8128K, reserved 1048576K
}
Event: 72.810 GC heap before
{Heap before GC invocations=578 (full 3):
 PSYoungGen      total 3584K, used 3326K [0x00000000d5580000, 0x00000000d5d00000, 0x0000000100000000)
  eden space 3072K, 92% used [0x00000000d5580000,0x00000000d5847ba8,0x00000000d5880000)
  from space 512K, 93% used [0x00000000d5c80000,0x00000000d5cf8020,0x00000000d5d00000)
  to   space 512K, 0% used [0x00000000d5c00000,0x00000000d5c00000,0x00000000d5c80000)
 ParOldGen       total 453632K, used 453265K [0x0000000080000000, 0x000000009bb00000, 0x00000000d5580000)
  object space 453632K, 99% used [0x0000000080000000,0x000000009baa4778,0x000000009bb00000)
 Metaspace       used 70006K, committed 71488K, reserved 1114112K
  class space    used 7454K, committed 8128K, reserved 1048576K
}
Event: 72.812 GC heap after
{Heap after GC invocations=578 (full 3):
 PSYoungGen      total 3584K, used 512K [0x00000000d5580000, 0x00000000d5d00000, 0x0000000100000000)
  eden space 3072K, 0% used [0x00000000d5580000,0x00000000d5580000,0x00000000d5880000)
  from space 512K, 100% used [0x00000000d5c00000,0x00000000d5c80000,0x00000000d5c80000)
  to   space 512K, 0% used [0x00000000d5c80000,0x00000000d5c80000,0x00000000d5d00000)
 ParOldGen       total 453632K, used 453609K [0x0000000080000000, 0x000000009bb00000, 0x00000000d5580000)
  object space 453632K, 99% used [0x0000000080000000,0x000000009bafa798,0x000000009bb00000)
 Metaspace       used 70006K, committed 71488K, reserved 1114112K
  class space    used 7454K, committed 8128K, reserved 1048576K
}
Event: 72.821 GC heap before
{Heap before GC invocations=579 (full 3):
 PSYoungGen      total 3584K, used 3583K [0x00000000d5580000, 0x00000000d5d00000, 0x0000000100000000)
  eden space 3072K, 99% used [0x00000000d5580000,0x00000000d587ffd8,0x00000000d5880000)
  from space 512K, 100% used [0x00000000d5c00000,0x00000000d5c80000,0x00000000d5c80000)
  to   space 512K, 0% used [0x00000000d5c80000,0x00000000d5c80000,0x00000000d5d00000)
 ParOldGen       total 453632K, used 453609K [0x0000000080000000, 0x000000009bb00000, 0x00000000d5580000)
  object space 453632K, 99% used [0x0000000080000000,0x000000009bafa798,0x000000009bb00000)
 Metaspace       used 70006K, committed 71488K, reserved 1114112K
  class space    used 7454K, committed 8128K, reserved 1048576K
}
Event: 73.831 GC heap after
{Heap after GC invocations=579 (full 3):
 PSYoungGen      total 3584K, used 486K [0x00000000d5580000, 0x00000000d6080000, 0x0000000100000000)
  eden space 3072K, 0% used [0x00000000d5580000,0x00000000d5580000,0x00000000d5880000)
  from space 512K, 95% used [0x00000000d5c80000,0x00000000d5cf9bd0,0x00000000d5d00000)
  to   space 4096K, 0% used [0x00000000d5880000,0x00000000d5880000,0x00000000d5c80000)
 ParOldGen       total 456704K, used 456474K [0x0000000080000000, 0x000000009be00000, 0x00000000d5580000)
  object space 456704K, 99% used [0x0000000080000000,0x000000009bdc69a8,0x000000009be00000)
 Metaspace       used 70006K, committed 71488K, reserved 1114112K
  class space    used 7454K, committed 8128K, reserved 1048576K
}
Event: 73.844 GC heap before
{Heap before GC invocations=580 (full 3):
 PSYoungGen      total 3584K, used 3395K [0x00000000d5580000, 0x00000000d6080000, 0x0000000100000000)
  eden space 3072K, 94% used [0x00000000d5580000,0x00000000d5857218,0x00000000d5880000)
  from space 512K, 95% used [0x00000000d5c80000,0x00000000d5cf9bd0,0x00000000d5d00000)
  to   space 4096K, 0% used [0x00000000d5880000,0x00000000d5880000,0x00000000d5c80000)
 ParOldGen       total 456704K, used 456474K [0x0000000080000000, 0x000000009be00000, 0x00000000d5580000)
  object space 456704K, 99% used [0x0000000080000000,0x000000009bdc69a8,0x000000009be00000)
 Metaspace       used 70006K, committed 71488K, reserved 1114112K
  class space    used 7454K, committed 8128K, reserved 1048576K
}

