<?xml version="1.0" encoding="UTF-8"?>
<testng-results ignored="0" total="2" passed="2" failed="0" skipped="0">
  <reporter-output>
  </reporter-output>
  <suite started-at="2026-02-03T12:58:46 IST" name="Surefire suite" finished-at="2026-02-03T12:59:05 IST" duration-ms="19812">
    <groups>
    </groups>
    <test started-at="2026-02-03T12:58:46 IST" name="Surefire test" finished-at="2026-02-03T12:59:05 IST" duration-ms="19812">
      <class name="testing.TestNG">
        <test-method is-config="true" signature="createInstance()[pri:0, instance:testing.TestNG@4034c28c]" started-at="2026-02-03T12:58:46 IST" name="createInstance" finished-at="2026-02-03T12:58:54 IST" duration-ms="8582" status="PASS">
          <reporter-output>
          </reporter-output>
        </test-method> <!-- createInstance -->
        <test-method signature="testPageTitleAndAboutUs()[pri:0, instance:testing.TestNG@4034c28c]" started-at="2026-02-03T12:58:54 IST" name="testPageTitleAndAboutUs" finished-at="2026-02-03T12:58:54 IST" duration-ms="201" status="PASS">
          <reporter-output>
          </reporter-output>
        </test-method> <!-- testPageTitleAndAboutUs -->
        <test-method is-config="true" signature="tearDown()[pri:0, instance:testing.TestNG@4034c28c]" started-at="2026-02-03T12:58:54 IST" name="tearDown" finished-at="2026-02-03T12:58:56 IST" duration-ms="1165" status="PASS">
          <reporter-output>
          </reporter-output>
        </test-method> <!-- tearDown -->
      </class> <!-- testing.TestNG -->
      <class name="testing.Test_Activity_3">
        <test-method is-config="true" signature="setup()[pri:0, instance:testing.Test_Activity_3@3ee0fea4]" started-at="2026-02-03T12:58:56 IST" name="setup" finished-at="2026-02-03T12:59:04 IST" duration-ms="8019" status="PASS">
          <reporter-output>
          </reporter-output>
        </test-method> <!-- setup -->
        <test-method signature="in()[pri:0, instance:testing.Test_Activity_3@3ee0fea4]" started-at="2026-02-03T12:59:04 IST" name="in" finished-at="2026-02-03T12:59:04 IST" duration-ms="480" status="PASS">
          <reporter-output>
          </reporter-output>
        </test-method> <!-- in -->
        <test-method is-config="true" signature="tearDown()[pri:0, instance:testing.Test_Activity_3@3ee0fea4]" started-at="2026-02-03T12:59:04 IST" name="tearDown" finished-at="2026-02-03T12:59:05 IST" duration-ms="1330" status="PASS">
          <reporter-output>
          </reporter-output>
        </test-method> <!-- tearDown -->
      </class> <!-- testing.Test_Activity_3 -->
    </test> <!-- Surefire test -->
  </suite> <!-- Surefire suite -->
</testng-results>
